#
# There is insufficient memory for the Java Runtime Environment to continue.
# Native memory allocation (mmap) failed to map 134217728 bytes for Failed to commit area from 0x00000000a0e00000 to 0x00000000a8e00000 of length 134217728.
# Possible reasons:
#   The system is out of physical RAM or swap space
#   The process is running with CompressedOops enabled, and the Java Heap may be blocking the growth of the native heap
# Possible solutions:
#   Reduce memory load on the system
#   Increase physical memory or swap space
#   Check if swap backing store is full
#   Decrease Java heap size (-Xmx/-Xms)
#   Decrease number of Java threads
#   Decrease Java thread stack sizes (-Xss)
#   Set larger code cache with -XX:ReservedCodeCacheSize=
# This output file may be truncated or incomplete.
#
#  Out of Memory Error (./src/hotspot/os/windows/os_windows.cpp:3303), pid=7360, tid=11996
#
# JRE version:  (11.0.9.1+11) (build )
# Java VM: OpenJDK 64-Bit Server VM (11.0.9.1+11-b1145.77, mixed mode, sharing, tiered, compressed oops, g1 gc, windows-amd64)
# No core dump will be written. Minidumps are not enabled by default on client versions of Windows
#

---------------  S U M M A R Y ------------

Command Line: -Djava.rmi.server.hostname=127.0.0.1 -Duser.timezone=UTC -Xmx1521m -Xms128m -Dfile.encoding=UTF-8 com.intellij.database.remote.RemoteJdbcServer org.apache.derby.jdbc.ClientDriver

Host: Intel(R) Core(TM) i5-4210M CPU @ 2.60GHz, 4 cores, 11G,  Windows 10 , 64 bit Build 19041 (10.0.19041.804)
Time: Tue Mar 30 01:13:43 2021 RTZ 2 (зима) elapsed time: 0.087641 seconds (0d 0h 0m 0s)

---------------  T H R E A D  ---------------

Current thread (0x00000140de7ac000):  JavaThread "Unknown thread" [_thread_in_vm, id=11996, stack(0x00000039fcf00000,0x00000039fd000000)]

Stack: [0x00000039fcf00000,0x00000039fd000000]
Native frames: (J=compiled Java code, j=interpreted, Vv=VM code, C=native code)
V  [jvm.dll+0x5edd9a]
V  [jvm.dll+0x7229c5]
V  [jvm.dll+0x723f1d]
V  [jvm.dll+0x7245d3]
V  [jvm.dll+0x2431b8]
V  [jvm.dll+0x5eb234]
V  [jvm.dll+0x5e0325]
V  [jvm.dll+0x2fe60b]
V  [jvm.dll+0x2fe57a]
V  [jvm.dll+0x2fe452]
V  [jvm.dll+0x303346]
V  [jvm.dll+0x34ba83]
V  [jvm.dll+0x34c186]
V  [jvm.dll+0x34bb83]
V  [jvm.dll+0x2d9218]
V  [jvm.dll+0x2da3c7]
V  [jvm.dll+0x701a67]
V  [jvm.dll+0x70325c]
V  [jvm.dll+0x359049]
V  [jvm.dll+0x6e552e]
V  [jvm.dll+0x3c1353]
V  [jvm.dll+0x3c3571]
C  [jli.dll+0x5373]
C  [ucrtbase.dll+0x21bb2]
C  [KERNEL32.DLL+0x17034]
C  [ntdll.dll+0x52651]


---------------  P R O C E S S  ---------------

Threads class SMR info:
_java_thread_list=0x00000140de6b5160, length=0, elements={
}

Java Threads: ( => current thread )

Other Threads:
  0x00000140de7c4800 GCTaskThread "GC Thread#0" [stack: 0x00000039fd000000,0x00000039fd100000] [id=14404]
  0x00000140de7e9800 ConcurrentGCThread "G1 Main Marker" [stack: 0x00000039fd100000,0x00000039fd200000] [id=3848]
  0x00000140de7ea800 ConcurrentGCThread "G1 Conc#0" [stack: 0x00000039fd200000,0x00000039fd300000] [id=14696]

[error occurred during error reporting (printing all threads), id 0xc0000005, EXCEPTION_ACCESS_VIOLATION (0xc0000005) at pc=0x00007ffdcfb19807]

VM state:not at safepoint (not fully initialized)

VM Mutex/Monitor currently owned by a thread:  ([mutex/lock_event])
[0x00000140de7a9700] Heap_lock - owner thread: 0x00000140de7ac000

Heap address: 0x00000000a0e00000, size: 1522 MB, Compressed Oops mode: Non-zero based: 0x00000000a0e00000
Narrow klass base: 0x0000000000000000, Narrow klass shift: 0

GC Heap History (0 events):
No events

Deoptimization events (0 events):
No events

Classes redefined (0 events):
No events

Internal exceptions (0 events):
No events

Events (1 events):
Event: 0.011 Loaded shared library C:\Games\IntelliJ IDEA 2020.3.2\jbr\bin\zip.dll


Dynamic libraries:
0x00007ff6f1ca0000 - 0x00007ff6f1caa000 	C:\Games\IntelliJ IDEA 2020.3.2\jbr\bin\java.exe
0x00007ffe1d4b0000 - 0x00007ffe1d6a5000 	C:\WINDOWS\SYSTEM32\ntdll.dll
0x00007ffe1b510000 - 0x00007ffe1b5cd000 	C:\WINDOWS\System32\KERNEL32.DLL
0x00007ffe1ae50000 - 0x00007ffe1b119000 	C:\WINDOWS\System32\KERNELBASE.dll
0x00007ffe1b230000 - 0x00007ffe1b330000 	C:\WINDOWS\System32\ucrtbase.dll
0x00007ffe100a0000 - 0x00007ffe100b7000 	C:\Games\IntelliJ IDEA 2020.3.2\jbr\bin\VCRUNTIME140.dll
0x00007ffe164c0000 - 0x00007ffe164d9000 	C:\Games\IntelliJ IDEA 2020.3.2\jbr\bin\jli.dll
0x00007ffe1ba10000 - 0x00007ffe1bbb0000 	C:\WINDOWS\System32\USER32.dll
0x00007ffe1b3d0000 - 0x00007ffe1b3f2000 	C:\WINDOWS\System32\win32u.dll
0x00007ffe1d3c0000 - 0x00007ffe1d3ea000 	C:\WINDOWS\System32\GDI32.dll
0x00007ffe0d310000 - 0x00007ffe0d5aa000 	C:\WINDOWS\WinSxS\amd64_microsoft.windows.common-controls_6595b64144ccf1df_6.0.19041.844_none_ca00b6081b84eb1d\COMCTL32.dll
0x00007ffe1b400000 - 0x00007ffe1b50b000 	C:\WINDOWS\System32\gdi32full.dll
0x00007ffe1b330000 - 0x00007ffe1b3cd000 	C:\WINDOWS\System32\msvcp_win.dll
0x00007ffe1c7f0000 - 0x00007ffe1c88e000 	C:\WINDOWS\System32\msvcrt.dll
0x00007ffe1c350000 - 0x00007ffe1c380000 	C:\WINDOWS\System32\IMM32.DLL
0x00007ffdedd10000 - 0x00007ffdeddad000 	C:\Games\IntelliJ IDEA 2020.3.2\jbr\bin\msvcp140.dll
0x00007ffdcf830000 - 0x00007ffdd02fe000 	C:\Games\IntelliJ IDEA 2020.3.2\jbr\bin\server\jvm.dll
0x00007ffe1be10000 - 0x00007ffe1bebc000 	C:\WINDOWS\System32\ADVAPI32.dll
0x00007ffe1b970000 - 0x00007ffe1ba0c000 	C:\WINDOWS\System32\sechost.dll
0x00007ffe1bce0000 - 0x00007ffe1be0b000 	C:\WINDOWS\System32\RPCRT4.dll
0x00007ffe1d110000 - 0x00007ffe1d118000 	C:\WINDOWS\System32\PSAPI.DLL
0x00007ffe12050000 - 0x00007ffe12077000 	C:\WINDOWS\SYSTEM32\WINMM.dll
0x00007ffe061a0000 - 0x00007ffe061a9000 	C:\WINDOWS\SYSTEM32\WSOCK32.dll
0x00007ffe1bec0000 - 0x00007ffe1bf2b000 	C:\WINDOWS\System32\WS2_32.dll
0x00007ffe12390000 - 0x00007ffe1239a000 	C:\WINDOWS\SYSTEM32\VERSION.dll
0x00007ffe18a30000 - 0x00007ffe18a42000 	C:\WINDOWS\SYSTEM32\kernel.appcore.dll
0x00007ffe164e0000 - 0x00007ffe164f1000 	C:\Games\IntelliJ IDEA 2020.3.2\jbr\bin\verify.dll
0x00007ffe07150000 - 0x00007ffe07334000 	C:\WINDOWS\SYSTEM32\DBGHELP.DLL
0x00007ffe070f0000 - 0x00007ffe0711c000 	C:\WINDOWS\SYSTEM32\dbgcore.DLL
0x00007ffe1ac40000 - 0x00007ffe1acc0000 	C:\WINDOWS\System32\bcryptPrimitives.dll
0x00007ffe0a2a0000 - 0x00007ffe0a2c9000 	C:\Games\IntelliJ IDEA 2020.3.2\jbr\bin\java.dll
0x00007ffe16460000 - 0x00007ffe1646b000 	C:\Games\IntelliJ IDEA 2020.3.2\jbr\bin\jimage.dll
0x00007ffe0a040000 - 0x00007ffe0a058000 	C:\Games\IntelliJ IDEA 2020.3.2\jbr\bin\zip.dll

dbghelp: loaded successfully - version: 4.0.5 - missing functions: none
symbol engine: initialized successfully - sym options: 0x614 - pdb path: .;C:\Games\IntelliJ IDEA 2020.3.2\jbr\bin;C:\WINDOWS\SYSTEM32;C:\WINDOWS\WinSxS\amd64_microsoft.windows.common-controls_6595b64144ccf1df_6.0.19041.844_none_ca00b6081b84eb1d;C:\Games\IntelliJ IDEA 2020.3.2\jbr\bin\server

VM Arguments:
jvm_args: -Djava.rmi.server.hostname=127.0.0.1 -Duser.timezone=UTC -Xmx1521m -Xms128m -Dfile.encoding=UTF-8 
java_command: com.intellij.database.remote.RemoteJdbcServer org.apache.derby.jdbc.ClientDriver
java_class_path (initial): C:\Games\IntelliJ IDEA 2020.3.2\lib\util.jar;C:\Games\IntelliJ IDEA 2020.3.2\lib\trove4j.jar;C:\Games\IntelliJ IDEA 2020.3.2\lib\groovy-2.5.11.jar;C:\Games\IntelliJ IDEA 2020.3.2\plugins\DatabaseTools\lib\jdbc-console.jar;C:\Users\GGod\AppData\Roaming\JetBrains\IntelliJIdea2020.3\jdbc-drivers\Apache Derby\10.15.1.3\derby-10.15.1.3.jar;C:\Users\GGod\AppData\Roaming\JetBrains\IntelliJIdea2020.3\jdbc-drivers\Apache Derby\10.15.1.3\derbyclient-10.15.1.3.jar;C:\Users\GGod\AppData\Roaming\JetBrains\IntelliJIdea2020.3\jdbc-drivers\Apache Derby\10.15.1.3\derbytools-10.15.1.3.jar;C:\Users\GGod\AppData\Roaming\JetBrains\IntelliJIdea2020.3\jdbc-drivers\Apache Derby\10.15.1.3\derbyrun-10.15.1.3.jar;C:\Users\GGod\AppData\Roaming\JetBrains\IntelliJIdea2020.3\jdbc-drivers\Apache Derby\10.15.1.3\derbyoptionaltools-10.15.1.3.jar;C:\Users\GGod\AppData\Roaming\JetBrains\IntelliJIdea2020.3\jdbc-drivers\Apache Derby\10.15.1.3\derbyshared-10.15.1.3.jar
Launcher Type: SUN_STANDARD

[Global flags]
     intx CICompilerCount                          = 3                                         {product} {ergonomic}
     uint ConcGCThreads                            = 1                                         {product} {ergonomic}
     uint G1ConcRefinementThreads                  = 4                                         {product} {ergonomic}
   size_t G1HeapRegionSize                         = 1048576                                   {product} {ergonomic}
    uintx GCDrainStackTargetSize                   = 64                                        {product} {ergonomic}
   size_t InitialHeapSize                          = 134217728                                 {product} {command line}
   size_t MarkStackSize                            = 4194304                                   {product} {ergonomic}
   size_t MaxHeapSize                              = 1595932672                                {product} {command line, ergonomic}
   size_t MinHeapDeltaBytes                        = 1048576                                   {product} {ergonomic}
    uintx NonNMethodCodeHeapSize                   = 5830732                                {pd product} {ergonomic}
    uintx NonProfiledCodeHeapSize                  = 122913754                              {pd product} {ergonomic}
    uintx ProfiledCodeHeapSize                     = 122913754                              {pd product} {ergonomic}
    uintx ReservedCodeCacheSize                    = 251658240                              {pd product} {ergonomic}
     bool SegmentedCodeCache                       = true                                      {product} {ergonomic}
     bool UseCompressedClassPointers               = true                                 {lp64_product} {ergonomic}
     bool UseCompressedOops                        = true                                 {lp64_product} {ergonomic}
     bool UseG1GC                                  = true                                      {product} {ergonomic}
     bool UseLargePagesIndividualAllocation        = false                                  {pd product} {ergonomic}

Logging:
Log output configuration:
 #0: stdout all=warning uptime,level,tags
 #1: stderr all=off uptime,level,tags

Environment Variables:
JAVA_HOME=C:\Games\Java\jdk-11.0.10
PATH=C:\Program Files\Common Files\Oracle\Java\javapath;C:\Program Files (x86)\Common Files\Oracle\Java\javapath;C:\Windows\system32;C:\Windows;C:\Windows\System32\Wbem;C:\Windows\System32\WindowsPowerShell\v1.0\;C:\Program Files (x86)\NVIDIA Corporation\PhysX\Common;C:\WINDOWS\system32;C:\WINDOWS;C:\WINDOWS\System32\Wbem;C:\WINDOWS\System32\WindowsPowerShell\v1.0\;C:\WINDOWS\System32\OpenSSH\;C:\Program Files\Git\cmd;C:\Program Files\Docker\Docker\resources\bin;C:\ProgramData\DockerDesktop\version-bin;C:\Program Files (x86)\apache-maven-3.6.3\bin;C:\Users\GGod\AppData\Local\Microsoft\WindowsApps;;C:\Games\IntelliJ IDEA 2020.3.2\bin;
USERNAME=GGod
OS=Windows_NT
PROCESSOR_IDENTIFIER=Intel64 Family 6 Model 60 Stepping 3, GenuineIntel



---------------  S Y S T E M  ---------------

OS: Windows 10 , 64 bit Build 19041 (10.0.19041.804)
OS uptime: 0 days 5:41 hours
HyperV virtualization detected

CPU:total 4 (initial active 4) (2 cores per cpu, 2 threads per core) family 6 model 60 stepping 3, cmov, cx8, fxsr, mmx, sse, sse2, sse3, ssse3, sse4.1, sse4.2, popcnt, avx, avx2, aes, clmul, erms, lzcnt, ht, tsc, tscinvbit, bmi1, bmi2, fma

Memory: 4k page, system-wide physical 12172M (3851M free)
TotalPageFile size 12172M (AvailPageFile size 55M)
current process WorkingSet (physical memory assigned to process): 9M, peak: 9M
current process commit charge ("private bytes"): 51M, peak: 179M

vm_info: OpenJDK 64-Bit Server VM (11.0.9.1+11-b1145.77) for windows-amd64 JRE (11.0.9.1+11-b1145.77), built on Jan 16 2021 05:14:13 by "" with MS VC++ 14.0 (VS2015)

END.
